<?xml version="1.0" encoding="UTF-8"?>
<testng-results skipped="0" failed="0" total="2" passed="2">
  <reporter-output>
  </reporter-output>
  <suite name="Default suite" duration-ms="55208" started-at="2020-12-28T05:41:04Z" finished-at="2020-12-28T05:41:59Z">
    <groups>
    </groups>
    <test name="Default test" duration-ms="55208" started-at="2020-12-28T05:41:04Z" finished-at="2020-12-28T05:41:59Z">
      <class name="test.registrationTest">
        <test-method status="PASS" signature="validRegistration()[pri:0, instance:test.registrationTest@136d012]" name="validRegistration" duration-ms="32932" started-at="2020-12-28T11:11:04Z" finished-at="2020-12-28T11:11:37Z">
          <reporter-output>
          </reporter-output>
        </test-method> <!-- validRegistration -->
        <test-method status="PASS" signature="invalidRegistration()[pri:0, instance:test.registrationTest@136d012]" name="invalidRegistration" duration-ms="21333" started-at="2020-12-28T11:11:37Z" finished-at="2020-12-28T11:11:58Z">
          <reporter-output>
          </reporter-output>
        </test-method> <!-- invalidRegistration -->
        <test-method status="PASS" signature="closeBrowser()[pri:0, instance:test.registrationTest@136d012]" name="closeBrowser" is-config="true" duration-ms="927" started-at="2020-12-28T11:11:58Z" finished-at="2020-12-28T11:11:59Z">
          <reporter-output>
          </reporter-output>
        </test-method> <!-- closeBrowser -->
      </class> <!-- test.registrationTest -->
    </test> <!-- Default test -->
  </suite> <!-- Default suite -->
</testng-results>
